imagepicker/build/outputs/logs/manifest-merger-debug-report.txt
-- Merging decision tree log ---
manifest
ADDED from src\main\AndroidManifest.xml:2:1-48:12
INJECTED from src\main\AndroidManifest.xml:2:1-48:12
INJECTED from src\main\AndroidManifest.xml:2:1-48:12
INJECTED from src\main\AndroidManifest.xml:2:1-48:12
INJECTED from src\main\AndroidManifest.xml:2:1-48:12
INJECTED from src\main\AndroidManifest.xml:2:1-48:12
INJECTED from src\main\AndroidManifest.xml:2:1-48:12
	package
		ADDED from src\main\AndroidManifest.xml:3:5-34
		INJECTED from src\main\AndroidManifest.xml
		INJECTED from src\main\AndroidManifest.xml
	android:versionName
		INJECTED from src\main\AndroidManifest.xml
		ADDED from src\main\AndroidManifest.xml:2:1-48:12
		INJECTED from src\main\AndroidManifest.xml
	android:versionCode
		INJECTED from src\main\AndroidManifest.xml
		ADDED from src\main\AndroidManifest.xml:2:1-48:12
		INJECTED from src\main\AndroidManifest.xml
	xmlns:android
		ADDED from src\main\AndroidManifest.xml:4:5-63
uses-permission#android.permission.MOUNT_UNMOUNT_FILESYSTEMS
ADDED from src\main\AndroidManifest.xml:7:5-83
	android:name
		ADDED from src\main\AndroidManifest.xml:7:22-81
uses-permission#android.permission.WRITE_EXTERNAL_STORAGE
ADDED from src\main\AndroidManifest.xml:9:5-80
	android:name
		ADDED from src\main\AndroidManifest.xml:9:22-78
uses-permission#android.permission.READ_EXTERNAL_STORAGE
ADDED from src\main\AndroidManifest.xml:11:5-79
	android:name
		ADDED from src\main\AndroidManifest.xml:11:22-77
uses-permission#android.permission.CAMERA
ADDED from src\main\AndroidManifest.xml:13:5-64
	android:name
		ADDED from src\main\AndroidManifest.xml:13:22-62
application
ADDED from src\main\AndroidManifest.xml:15:5-46:19
activity#com.lzy.imagepicker.ui.ImageBaseActivity
ADDED from src\main\AndroidManifest.xml:16:9-57
	android:name
		ADDED from src\main\AndroidManifest.xml:16:19-55
activity#com.lzy.imagepicker.ui.ImageGridActivity
ADDED from src\main\AndroidManifest.xml:17:9-20:54
	android:configChanges
		ADDED from src\main\AndroidManifest.xml:19:13-59
	android:theme
		ADDED from src\main\AndroidManifest.xml:20:13-52
	android:name
		ADDED from src\main\AndroidManifest.xml:18:13-49
activity#com.lzy.imagepicker.ui.ImageCropActivity
ADDED from src\main\AndroidManifest.xml:21:9-25:54
	android:hardwareAccelerated
		ADDED from src\main\AndroidManifest.xml:24:13-48
	android:configChanges
		ADDED from src\main\AndroidManifest.xml:23:13-59
	android:theme
		ADDED from src\main\AndroidManifest.xml:25:13-52
	android:name
		ADDED from src\main\AndroidManifest.xml:22:13-49
activity#com.lzy.imagepicker.ui.ImagePreviewActivity
ADDED from src\main\AndroidManifest.xml:26:9-29:64
	android:configChanges
		ADDED from src\main\AndroidManifest.xml:28:13-59
	android:theme
		ADDED from src\main\AndroidManifest.xml:29:13-62
	android:name
		ADDED from src\main\AndroidManifest.xml:27:13-52
activity#com.lzy.imagepicker.ui.ImagePreviewDelActivity
ADDED from src\main\AndroidManifest.xml:31:9-34:64
	android:configChanges
		ADDED from src\main\AndroidManifest.xml:33:13-59
	android:theme
		ADDED from src\main\AndroidManifest.xml:34:13-62
	android:name
		ADDED from src\main\AndroidManifest.xml:32:13-55
provider#com.lzy.imagepicker.ImagePickerProvider
ADDED from src\main\AndroidManifest.xml:36:9-44:20
	android:grantUriPermissions
		ADDED from src\main\AndroidManifest.xml:40:13-47
	android:authorities
		ADDED from src\main\AndroidManifest.xml:38:13-60
	android:exported
		ADDED from src\main\AndroidManifest.xml:39:13-37
	android:name
		ADDED from src\main\AndroidManifest.xml:37:13-48
meta-data#android.support.FILE_PROVIDER_PATHS
ADDED from src\main\AndroidManifest.xml:41:13-43:57
	android:resource
		ADDED from src\main\AndroidManifest.xml:43:17-55
	android:name
		ADDED from src\main\AndroidManifest.xml:42:17-67
uses-sdk
INJECTED from src\main\AndroidManifest.xml reason: use-sdk injection requested
INJECTED from src\main\AndroidManifest.xml
INJECTED from src\main\AndroidManifest.xml
INJECTED from src\main\AndroidManifest.xml
INJECTED from src\main\AndroidManifest.xml
	android:targetSdkVersion
		INJECTED from src\main\AndroidManifest.xml
		ADDED from src\main\AndroidManifest.xml
		INJECTED from src\main\AndroidManifest.xml
	android:minSdkVersion
		INJECTED from src\main\AndroidManifest.xml
		ADDED from src\main\AndroidManifest.xml
		INJECTED from src\main\AndroidManifest.xml